2011-03-12 10:30:23,303 [art-init] [INFO ] (o.a.w.s.ArtifactoryContextConfigListener:126) - 
               _   _  __           _
    /\        | | (_)/ _|         | |
   /  \   _ __| |_ _| |_ __ _  ___| |_ ___  _ __ _   _
  / /\ \ | '__| __| |  _/ _` |/ __| __/ _ \| '__| | | |
 / ____ \| |  | |_| | || (_| | (__| || (_) | |  | |_| |
/_/    \_\_|   \__|_|_| \__,_|\___|\__\___/|_|   \__, |
 Version:  2.3.2                                  __/ |
 Revision: 13005                                 |___/
 Artifactory Home: 'D:\Downloads\artifactory-2.3.2\bin\..'

2011-03-12 10:30:23,507 [art-init] [INFO ] (o.a.s.SpringConfigResourceLoader:99) - artifactory.addons.disabled=[]
2011-03-12 10:30:23,600 [art-init] [INFO ] (o.a.s.ArtifactoryApplicationContext:196) - Refreshing org.artifactory.spring.ArtifactoryApplicationContext@6c5482: startup date [Sat Mar 12 10:30:23 CST 2011]; root of context hierarchy
2011-03-12 10:30:30,016 [art-init] [INFO ] (o.a.r.a.RequestAdvice:50) - Creating request advice interceptor
2011-03-12 10:30:31,039 [art-init] [INFO ] (o.a.j.JcrConfResourceLoader:175) - Copying default config to: D:\Downloads\artifactory-2.3.2\bin\..\etc\repo\default\repo.xml.
2011-03-12 10:30:35,528 [art-init] [INFO ] (o.a.j.j.ArtifactoryBaseDataStore:524) - Using JDBC driver Apache Derby Embedded JDBC Driver 10.7.1.1 - (1040133)
2011-03-12 10:30:35,615 [art-init] [WARN ] (o.a.j.c.c.BeanConfig:185) - org.apache.jackrabbit.core.persistence.mem.InMemPersistenceManager has been deprecated
2011-03-12 10:30:37,378 [art-init] [INFO ] (o.a.j.c.q.l.MultiIndex:393) - 
###########################################################################
              INITIALIZING OR RECREATING FULL REPOSITORY INDEX
 This is normal with a first-run of a new or upgraded installation or
 when the $ARTIFACTORY_HOME/data/index folder no longer exists.
 This one-time initialization may take some time, depending on the current
 size of your repository.
###########################################################################
2011-03-12 10:30:37,400 [art-init] [INFO ] (o.a.j.c.q.l.MultiIndex:409) - Created initial index for 1 nodes in 0 sec.
2011-03-12 10:30:39,301 [art-init] [INFO ] (o.a.s.ArtifactorySchedulerFactoryBean:650) - Starting Quartz Scheduler now
2011-03-12 10:30:39,316 [art-init] [INFO ] (o.a.s.ArtifactoryApplicationContext:204) - Artifactory context starting up...
2011-03-12 10:30:39,317 [art-init] [INFO ] (o.a.s.ArtifactoryApplicationContext:210) - Initializing org.artifactory.logging.LoggingService
2011-03-12 10:30:39,537 [art-init] [INFO ] (o.a.s.ArtifactoryApplicationContext:210) - Initializing org.artifactory.jcr.md.MetadataDefinitionService
2011-03-12 10:30:39,662 [art-init] [INFO ] (o.a.s.ArtifactoryApplicationContext:210) - Initializing org.artifactory.jcr.JcrService
2011-03-12 10:30:41,304 [art-init] [INFO ] (o.a.s.ArtifactoryApplicationContext:210) - Initializing org.artifactory.schedule.TaskService
2011-03-12 10:30:41,329 [art-init] [INFO ] (o.a.s.ArtifactoryApplicationContext:210) - Initializing org.artifactory.config.InternalCentralConfigService
2011-03-12 10:30:41,332 [art-init] [INFO ] (o.a.c.CentralConfigServiceImpl:116) - Loading bootstrap configuration (artifactory home dir is D:\Downloads\artifactory-2.3.2\bin\..).
2011-03-12 10:30:42,381 [art-init] [INFO ] (o.a.c.CentralConfigServiceImpl:252) - Saving new configuration in storage...
2011-03-12 10:30:42,694 [art-init] [INFO ] (o.a.c.CentralConfigServiceImpl:256) - New configuration saved.
2011-03-12 10:30:42,831 [art-init] [INFO ] (o.a.s.ArtifactoryApplicationContext:210) - Initializing org.artifactory.security.InternalAclManager
2011-03-12 10:30:42,849 [art-init] [INFO ] (o.a.s.ArtifactoryApplicationContext:210) - Initializing org.artifactory.repo.interceptor.StorageInterceptors
2011-03-12 10:30:42,851 [art-init] [INFO ] (o.a.s.ArtifactoryApplicationContext:210) - Initializing org.artifactory.repo.service.InternalRepositoryService
2011-03-12 10:30:43,169 [art-init] [INFO ] (o.a.i.InfoWriter    :92) - 

 SYSTEM INFORMATION DUMP
 =======================

 User Info
 ========================
   user.country                                                | CN
   user.dir                                                    | D:\Downloads\artifactory-2.3.2\bin
   user.home                                                   | C:\Users\lai
   user.language                                               | zh
   user.name                                                   | lai
   user.timezone                                               | Asia/Shanghai

 Host Info
 ========================
   Available Processors                                        | 2
   Heap Memory Usage-Commited                                  | 47382528
   Heap Memory Usage-Init                                      | 0
   Heap Memory Usage-Max                                       | 403898368
   Heap Memory Usage-Used                                      | 25004536
   Non-Heap Memory Usage-Commited                              | 54984704
   Non-Heap Memory Usage-Init                                  | 19136512
   Non-Heap Memory Usage-Max                                   | 117440512
   Non-Heap Memory Usage-Used                                  | 38974608
   os.arch                                                     | x86
   os.name                                                     | Windows Vista
   os.version                                                  | 6.1

 Artifactory Info
 ========================
   artifactory.runMode.test                                    | false
   artifactory.runMode.qa                                      | false
   artifactory.runMode.dev                                     | false
   artifactory.version                                         | 2.3.2
   artifactory.revision                                        | 13005
   artifactory.addons.disabled                                 | 
   artifactory.jcr.fixConsistency                              | false
   artifactory.jcr.autoRemoveMissingBinaries                   | true
   artifactory.versioningQueryIntervalSecs                     | 720
   artifactory.logs.viewRefreshRateSecs                        | 10
   artifactory.locks.timeoutSecs                               | 120
   artifactory.locks.debugTimeouts                             | false
   artifactory.task.completionLockTimeoutRetries               | 100
   artifactory.repo.cleanup.intervalHours                      | 1
   artifactory.repo.concurrentDownloadSyncTimeoutSecs          | 900
   artifactory.fsitem.cache.idleTimeSecs                       | 1200
   artifactory.search.maxResults                               | 500
   artifactory.search.userQueryLimit                           | 1000
   artifactory.search.content.maxFragments                     | 500
   artifactory.search.content.maxFragmentsSize                 | 5000
   artifactory.search.archive.minQueryLength                   | 3
   artifactory.search.content.forceArchiveIndexing             | false
   artifactory.search.pattern.timeoutSecs                      | 30
   artifactory.gc.useIndex                                     | false
   artifactory.gc.intervalSecs                                 | 21600
   artifactory.gc.delaySecs                                    | 7200
   artifactory.gc.sleepBetweenNodesMillis                      | 20
   artifactory.gc.scanStartSleepingThresholdMillis             | 20000
   artifactory.gc.scanSleepBetweenIterationsMillis             | 200
   artifactory.gc.fileScanSleepIterationMillis                 | 1000
   artifactory.gc.fileScanSleepMillis                          | 250
   artifactory.traffic.collectionActive                        | false
   artifactory.traffic.collectionIntervalSecs                  | 60
   artifactory.traffic.trafficEntriesRetentionSecs             | 7200
   artifactory.security.authentication.cache.idleTimeSecs      | 300
   artifactory.security.userLastAccessUpdatesResolutionSecs    | 60
   artifactory.mvn.central.hostPattern                         | .maven.org
   artifactory.mvn.central.indexerMaxQueryIntervalSecs         | 86400
   artifactory.build.maxFoldersToScanForDeletionWarnings       | 2
   artifactory.build.checksum.cache.idleTimeSecs               | 300
   artifactory.updates.refreshIntervalSecs                     | 14400
   artifactory.updates.url                                     | http://service.jfrog.org/artifactory/updates
   artifactory.artifactoryRequestsToGlobalCanRetrieveRemoteArtifacts| false
   artifactory.ui.syntaxColoringMaxTextSizeBytes               | 512000
   artifactory.plugin.scripts.refreshIntervalSecs              | 2147483647
   artifactory.file.roller.maxFileToRetain                     | 10
   artifactory.backup.fileExportSleepIterationMillis           | 2000
   artifactory.backup.fileExportSleepMillis                    | 250
   artifactory.http.acceptEncoding.gzip                        | true
   artifactory.http.expectContinue                             | false
   derby.storage.pageCacheSize                                 | 500
   artifactory.home                                            | D:\Downloads\artifactory-2.3.2\bin\..
   derby.module.mgmt.jmx                                       | org.apache.derby.impl.services.jmxnone.NoManagementService
   derby.language.logStatementText                             | false
   derby.stream.error.logSeverityLevel                         | 0
   artifactory.release                                         | 1297610136116

 Java System Info
 ========================
   java.class.version                                          | 50.0
   java.home                                                   | C:\Program Files\Java\jdk1.6.0_11\jre
   java.io.tmpdir                                              | C:\Users\lai\AppData\Local\Temp\
   java.runtime.name                                           | Java(TM) SE Runtime Environment
   java.runtime.version                                        | 1.6.0_11-b03
   java.specification.name                                     | Java Platform API Specification
   java.specification.vendor                                   | Sun Microsystems Inc.
   java.specification.version                                  | 1.6
   java.vendor                                                 | Sun Microsystems Inc.
   java.vendor.url                                             | http://java.sun.com/
   java.vendor.url.bug                                         | http://java.sun.com/cgi-bin/bugreport.cgi
   java.version                                                | 1.6.0_11
   java.vm.info                                                | mixed mode
   java.vm.name                                                | Java HotSpot(TM) Server VM
   java.vm.specification.name                                  | Java Virtual Machine Specification
   java.vm.specification.vendor                                | Sun Microsystems Inc.
   java.vm.specification.version                               | 1.0
   java.vm.vendor                                              | Sun Microsystems Inc.
   java.vm.version                                             | 11.0-b16
   sun.arch.data.model                                         | 32
   sun.boot.library.path                                       | C:\Program Files\Java\jdk1.6.0_11\jre\bin
   sun.cpu.endian                                              | little
   sun.cpu.isalist                                             | pentium_pro+mmx pentium_pro pentium+mmx pentium i486 i386 i86
   sun.io.unicode.encoding                                     | UnicodeLittle
   sun.java.launcher                                           | SUN_STANDARD
   sun.jnu.encoding                                            | GBK
   sun.management.compiler                                     | HotSpot Tiered Compilers
   sun.os.patch.level                                          | 

 Java Class Path Info
 ========================
   sun.boot.class.path                                         | C:\Program Files\Java\jdk1.6.0_11\jre\lib\resources.jar;C:\Program Files\Java\jdk1.6.0_11\jre\lib\rt.jar;C:\Program Files\Java\jdk1.6.0_11\jre\lib\sunrsasign.jar;C:\Program Files\Java\jdk1.6.0_11\jre\lib\jsse.jar;C:\Program Files\Java\jdk1.6.0_11\jre\lib\jce.jar;C:\Program Files\Java\jdk1.6.0_11\jre\lib\charsets.jar;C:\Program Files\Java\jdk1.6.0_11\jre\classes
   java.library.path                                           | C:\Program Files\Java\jdk1.6.0_11\bin;.;C:\Windows\Sun\Java\bin;C:\Windows\system32;C:\Windows;E:\XEClient\bin;E:\oraclexe\app\oracle\product\10.2.0\server\bin;C:\Program Files\Common Files\NetSarang;e:\svn\Subversion Server;C:\Program Files\Java\jdk1.6.0_11\bin;C:\Program Files\Java\jdk1.6.0_11\jre\bin;C:\Windows\system32;C:\Windows;C:\Windows\System32\Wbem;C:\Windows\System32\WindowsPowerShell\v1.0\;C:\Program Files\Common Files\Thunder Network\KanKan\Codecs;D:\java\mobile\android\android-sdk-windows\tools;D:\Program Files\MinGW\bin;D:\Jee\auto-jee\apache-maven-2.2.1\bin;D:\Program Files\Adobe CS5\Adobe Flash Builder 4\sdks\4.0.0\bin;D:\Jee\auto-jee\apache-ant-1.8.1\bin;D:\Jee\auto-jee\apache-ant-1.8.1\bin\ant.bat;F:\Program Files\Microsoft SQL Server\90\Tools\binn\;D:\Jee\Java\mobile\android\android-sdk-windows\tools;D:\Jee\groovy-binary-1.7.6\groovy-1.7.6\bin;C:\Program Files\TortoiseSVN\bin;D:\eclipse\STS\springsource\spring-roo-1.1.1.RELEASE\bin;C:\Program Files\Lenovo\Bluetooth Software\;D:\Jee\mysql\bin;F:\Program Files\Microsoft Visual Studio\Common\Tools\WinNT;F:\Program Files\Microsoft Visual Studio\Common\MSDev98\Bin;F:\Program Files\Microsoft Visual Studio\Common\Tools;F:\Program Files\Microsoft Visual Studio\VC98\bin
   java.endorsed.dirs                                          | C:\Program Files\Java\jdk1.6.0_11\jre\lib\endorsed
   java.ext.dirs                                               | C:\Program Files\Java\jdk1.6.0_11\jre\lib\ext;C:\Windows\Sun\Java\lib\ext
   java.class.path                                             | D:\Downloads\artifactory-2.3.2\bin\..\artifactory.jar;D:\Downloads\artifactory-2.3.2\bin\..\lib\jetty-ajp-7.0.2.v20100331.jar;D:\Downloads\artifactory-2.3.2\bin\..\lib\jetty-continuation-7.0.2.v20100331.jar;D:\Downloads\artifactory-2.3.2\bin\..\lib\jetty-http-7.0.2.v20100331.jar;D:\Downloads\artifactory-2.3.2\bin\..\lib\jetty-io-7.0.2.v20100331.jar;D:\Downloads\artifactory-2.3.2\bin\..\lib\jetty-security-7.0.2.v20100331.jar;D:\Downloads\artifactory-2.3.2\bin\..\lib\jetty-server-7.0.2.v20100331.jar;D:\Downloads\artifactory-2.3.2\bin\..\lib\jetty-servlet-7.0.2.v20100331.jar;D:\Downloads\artifactory-2.3.2\bin\..\lib\jetty-util-7.0.2.v20100331.jar;D:\Downloads\artifactory-2.3.2\bin\..\lib\jetty-webapp-7.0.2.v20100331.jar;D:\Downloads\artifactory-2.3.2\bin\..\lib\jetty-xml-7.0.2.v20100331.jar;D:\Downloads\artifactory-2.3.2\bin\..\lib\servlet-api-2.5.jar;D:\Downloads\artifactory-2.3.2\bin\..\lib\wrapper.dll;D:\Downloads\artifactory-2.3.2\bin\..\lib\wrapper.jar

2011-03-12 10:30:43,514 [art-init] [INFO ] (o.a.s.ArtifactoryApplicationContext:210) - Initializing org.artifactory.repo.cleanup.InternalArtifactCleanupService
2011-03-12 10:30:43,520 [art-init] [INFO ] (o.a.s.ArtifactoryApplicationContext:210) - Initializing org.artifactory.traffic.InternalTrafficService
2011-03-12 10:30:43,559 [art-init] [INFO ] (o.a.s.ArtifactoryApplicationContext:210) - Initializing org.artifactory.security.interceptor.SecurityConfigurationChangesInterceptors
2011-03-12 10:30:43,562 [art-init] [INFO ] (o.a.s.ArtifactoryApplicationContext:210) - Initializing org.artifactory.engine.InternalDownloadService
2011-03-12 10:30:43,580 [art-init] [INFO ] (o.a.s.ArtifactoryApplicationContext:210) - Initializing org.artifactory.config.ConfigurationChangesInterceptors
2011-03-12 10:30:43,583 [art-init] [INFO ] (o.a.s.ArtifactoryApplicationContext:210) - Initializing org.artifactory.security.ldap.InternalLdapAuthenticator
2011-03-12 10:30:43,586 [art-init] [INFO ] (o.a.s.ArtifactoryApplicationContext:210) - Initializing org.artifactory.security.UserGroupManager
2011-03-12 10:30:43,611 [art-init] [INFO ] (o.a.s.ArtifactoryApplicationContext:210) - Initializing org.artifactory.security.InternalSecurityService
2011-03-12 10:30:44,335 [art-init] [INFO ] (o.a.s.ArtifactoryApplicationContext:210) - Initializing org.artifactory.search.InternalSearchService
2011-03-12 10:30:44,339 [art-init] [INFO ] (o.a.s.ArtifactoryApplicationContext:210) - Initializing org.artifactory.storage.InternalStorageService
2011-03-12 10:30:44,383 [art-init] [INFO ] (o.a.s.ArtifactoryApplicationContext:210) - Initializing org.artifactory.build.InternalBuildService
2011-03-12 10:30:44,418 [art-init] [INFO ] (o.a.s.ArtifactoryApplicationContext:210) - Initializing org.artifactory.backup.InternalBackupService
2011-03-12 10:30:44,434 [art-init] [INFO ] (o.a.b.BackupServiceImpl:158) - Backup activated with cron expression '0 0 /12 * * ?'.
2011-03-12 10:30:44,435 [art-init] [INFO ] (o.a.s.ArtifactoryApplicationContext:210) - Initializing org.artifactory.repo.index.InternalIndexerService
2011-03-12 10:30:44,506 [art-init] [INFO ] (o.a.s.ArtifactoryApplicationContext:343) - Artifactory application context is ready.
2011-03-12 10:30:44,512 [art-init] [INFO ] (o.a.w.s.ArtifactoryContextConfigListener:168) - 
###########################################################
### Artifactory successfully started (21 seconds)       ###
###########################################################

